[Wed, 27 Dec 2023 03:23:12 +0000] purge: []
[Wed, 27 Dec 2023 03:23:14 +0000] purge: []
[Wed, 27 Dec 2023 03:23:43 +0000] purge: []
[Wed, 27 Dec 2023 03:23:46 +0000] purge: []
[Wed, 27 Dec 2023 03:30:08 +0000] purge: []
[Wed, 27 Dec 2023 03:30:12 +0000] purge: []
[Wed, 27 Dec 2023 03:38:53 +0000] purge: []
[Wed, 27 Dec 2023 03:38:55 +0000] purge: []
[Wed, 27 Dec 2023 04:14:03 +0000] purge: []
[Wed, 27 Dec 2023 04:14:06 +0000] purge: []
[Wed, 27 Dec 2023 04:30:29 +0000] purge: []
[Wed, 27 Dec 2023 04:30:35 +0000] purge: []
[Wed, 27 Dec 2023 04:30:42 +0000] purge: []
[Wed, 27 Dec 2023 04:30:44 +0000] purge: []
[Wed, 27 Dec 2023 04:30:46 +0000] purge: []
[Wed, 27 Dec 2023 04:30:55 +0000] purge: []
[Wed, 27 Dec 2023 04:30:58 +0000] purge: []
[Wed, 27 Dec 2023 04:39:06 +0000] purge: []
[Wed, 27 Dec 2023 04:39:09 +0000] purge: []
[Wed, 27 Dec 2023 05:10:39 +0000] purge: []
[Wed, 27 Dec 2023 05:10:50 +0000] purge: []
[Wed, 27 Dec 2023 05:10:54 +0000] purge: []
[Wed, 27 Dec 2023 05:11:06 +0000] purge: []
[Wed, 27 Dec 2023 05:11:08 +0000] purge: []
[Wed, 27 Dec 2023 05:25:07 +0000] purge: []
[Wed, 27 Dec 2023 05:25:10 +0000] purge: []
[Wed, 27 Dec 2023 05:27:02 +0000] purge: []
[Wed, 27 Dec 2023 05:27:03 +0000] purge: []
[Wed, 27 Dec 2023 05:27:05 +0000] purge: []
[Wed, 27 Dec 2023 05:27:07 +0000] purge: []
[Wed, 27 Dec 2023 05:27:08 +0000] purge: []
[Wed, 27 Dec 2023 05:27:10 +0000] purge: []
[Wed, 27 Dec 2023 05:27:12 +0000] purge: []
[Wed, 27 Dec 2023 05:27:15 +0000] purge: []
[Wed, 27 Dec 2023 05:27:17 +0000] purge: []
[Wed, 27 Dec 2023 05:27:18 +0000] purge: []
[Wed, 27 Dec 2023 05:27:23 +0000] purge: []
[Wed, 27 Dec 2023 05:27:26 +0000] purge: []
[Wed, 27 Dec 2023 05:27:29 +0000] purge: []
[Wed, 27 Dec 2023 05:27:31 +0000] purge: []
[Wed, 27 Dec 2023 20:22:03 +0000] purge: [
    {
        "local_path": "C:\\xampp\\htdocs\\wp\\wordpress\/wp-content\/uploads\/2023\/12\/logo.png",
        "remote_path": "wp\/wordpress\/wp-content\/uploads\/2023\/12\/logo.png",
        "original_url": "http:\/\/localhost\/C:\\xampp\\htdocs\\wp\\wordpress\/wp-content\/uploads\/2023\/12\/logo.png"
    }
]
[Wed, 27 Dec 2023 20:22:03 +0000] [C:\xampp\htdocs\wp\wordpress/wp-content/uploads/2023/12/logo.png =. wp/wordpress/wp-content/uploads/2023/12/logo.png] Empty Authorization Key.
[Wed, 27 Dec 2023 20:22:03 +0000] purge: [
    {
        "local_path": "C:\\xampp\\htdocs\\wp\\wordpress\/wp-content\/uploads\/2023\/12\/logo-1.png",
        "remote_path": "wp\/wordpress\/wp-content\/uploads\/2023\/12\/logo-1.png",
        "original_url": "http:\/\/localhost\/C:\\xampp\\htdocs\\wp\\wordpress\/wp-content\/uploads\/2023\/12\/logo-1.png"
    }
]
[Wed, 27 Dec 2023 20:22:03 +0000] [C:\xampp\htdocs\wp\wordpress/wp-content/uploads/2023/12/logo-1.png =. wp/wordpress/wp-content/uploads/2023/12/logo-1.png] Empty Authorization Key.
[Wed, 27 Dec 2023 20:22:47 +0000] purge: []
[Wed, 27 Dec 2023 20:22:50 +0000] purge: []
[Wed, 27 Dec 2023 20:22:54 +0000] purge: []
[Wed, 27 Dec 2023 20:22:57 +0000] purge: []
[Wed, 27 Dec 2023 20:23:00 +0000] purge: []
[Wed, 27 Dec 2023 20:23:02 +0000] purge: []
[Wed, 27 Dec 2023 20:23:07 +0000] purge: []
[Wed, 27 Dec 2023 20:23:16 +0000] purge: []
[Wed, 27 Dec 2023 20:23:18 +0000] purge: []
[Wed, 27 Dec 2023 20:23:25 +0000] purge: []
[Wed, 27 Dec 2023 20:29:58 +0000] purge: []
[Wed, 27 Dec 2023 20:30:01 +0000] purge: []
[Wed, 27 Dec 2023 20:35:37 +0000] purge: []
[Wed, 27 Dec 2023 20:35:39 +0000] purge: []
[Wed, 27 Dec 2023 20:35:42 +0000] purge: []
[Wed, 27 Dec 2023 20:35:45 +0000] purge: []
[Wed, 27 Dec 2023 20:35:47 +0000] purge: []
[Wed, 27 Dec 2023 20:35:49 +0000] purge: []
[Wed, 27 Dec 2023 20:35:53 +0000] purge: []
[Wed, 27 Dec 2023 22:36:57 +0000] purge: []
[Wed, 27 Dec 2023 22:37:01 +0000] purge: []
[Wed, 27 Dec 2023 22:37:12 +0000] purge: []
[Wed, 27 Dec 2023 22:37:14 +0000] purge: []
[Wed, 27 Dec 2023 22:42:28 +0000] purge: []
[Wed, 27 Dec 2023 22:42:30 +0000] purge: []
[Wed, 27 Dec 2023 22:42:32 +0000] purge: []
[Wed, 27 Dec 2023 22:42:35 +0000] purge: []
[Wed, 27 Dec 2023 22:42:37 +0000] purge: []
[Wed, 27 Dec 2023 22:42:39 +0000] purge: []
[Wed, 27 Dec 2023 22:42:44 +0000] purge: []
[Wed, 27 Dec 2023 22:42:46 +0000] purge: []
[Wed, 27 Dec 2023 22:43:01 +0000] purge: []
[Wed, 27 Dec 2023 22:43:03 +0000] purge: []
[Wed, 27 Dec 2023 22:43:08 +0000] purge: []
[Wed, 27 Dec 2023 22:43:10 +0000] purge: []
[Wed, 27 Dec 2023 22:43:12 +0000] purge: []
[Wed, 27 Dec 2023 22:43:18 +0000] purge: []
[Wed, 27 Dec 2023 22:43:59 +0000] purge: []
[Wed, 27 Dec 2023 22:44:04 +0000] purge: []
[Wed, 27 Dec 2023 22:45:42 +0000] purge: []
[Wed, 27 Dec 2023 22:45:45 +0000] purge: []
[Wed, 27 Dec 2023 22:45:49 +0000] purge: []
[Wed, 27 Dec 2023 22:45:52 +0000] purge: []
[Wed, 27 Dec 2023 22:45:55 +0000] purge: []
[Wed, 27 Dec 2023 22:45:56 +0000] purge: []
[Wed, 27 Dec 2023 22:45:59 +0000] purge: []
[Wed, 27 Dec 2023 22:46:02 +0000] purge: []
[Wed, 27 Dec 2023 22:46:06 +0000] purge: []
[Wed, 27 Dec 2023 22:46:10 +0000] purge: []
[Wed, 27 Dec 2023 22:46:12 +0000] purge: []
[Wed, 27 Dec 2023 22:46:45 +0000] purge: []
[Wed, 27 Dec 2023 22:46:47 +0000] purge: []
[Wed, 27 Dec 2023 22:46:49 +0000] purge: []
[Wed, 27 Dec 2023 22:46:50 +0000] purge: []
[Wed, 27 Dec 2023 22:46:51 +0000] purge: []
[Wed, 27 Dec 2023 22:47:18 +0000] purge: []
[Wed, 27 Dec 2023 22:47:21 +0000] purge: []
[Wed, 27 Dec 2023 22:47:24 +0000] purge: []
[Wed, 27 Dec 2023 22:47:24 +0000] purge: []
[Wed, 27 Dec 2023 22:47:26 +0000] purge: []
[Wed, 27 Dec 2023 22:47:27 +0000] purge: []
[Wed, 27 Dec 2023 22:47:31 +0000] purge: []
[Wed, 27 Dec 2023 22:47:31 +0000] purge: []
[Wed, 27 Dec 2023 22:47:33 +0000] purge: []
[Wed, 27 Dec 2023 22:47:33 +0000] purge: []
[Wed, 27 Dec 2023 22:47:37 +0000] purge: []
[Wed, 27 Dec 2023 22:47:39 +0000] purge: []
[Wed, 27 Dec 2023 22:54:30 +0000] purge: []
[Wed, 27 Dec 2023 22:54:34 +0000] purge: []
[Wed, 27 Dec 2023 22:54:40 +0000] purge: []
[Wed, 27 Dec 2023 22:54:43 +0000] purge: []
[Wed, 27 Dec 2023 22:54:45 +0000] purge: []
[Wed, 27 Dec 2023 22:58:05 +0000] purge: []
[Wed, 27 Dec 2023 22:58:17 +0000] purge: []
[Wed, 27 Dec 2023 23:05:05 +0000] purge: []
[Wed, 27 Dec 2023 23:05:07 +0000] purge: []
[Wed, 27 Dec 2023 23:05:09 +0000] purge: []
[Wed, 27 Dec 2023 23:05:11 +0000] purge: []
[Wed, 27 Dec 2023 23:05:13 +0000] purge: []
[Wed, 27 Dec 2023 23:05:15 +0000] purge: []
[Wed, 27 Dec 2023 23:05:21 +0000] purge: []
[Wed, 27 Dec 2023 23:05:45 +0000] purge: []
[Wed, 27 Dec 2023 23:05:49 +0000] purge: []
[Wed, 27 Dec 2023 23:06:03 +0000] purge: []
[Wed, 27 Dec 2023 23:06:25 +0000] purge: []
[Wed, 27 Dec 2023 23:06:27 +0000] purge: []
[Wed, 27 Dec 2023 23:06:36 +0000] purge: []
[Wed, 27 Dec 2023 23:06:57 +0000] purge: []
[Wed, 27 Dec 2023 23:06:59 +0000] purge: []
[Wed, 27 Dec 2023 23:08:35 +0000] purge: []
[Wed, 27 Dec 2023 23:08:36 +0000] purge: []
[Wed, 27 Dec 2023 23:08:37 +0000] purge: []
[Wed, 27 Dec 2023 23:08:38 +0000] purge: []
[Wed, 27 Dec 2023 23:08:52 +0000] purge: []
[Wed, 27 Dec 2023 23:08:54 +0000] purge: []
[Wed, 27 Dec 2023 23:09:10 +0000] purge: []
[Wed, 27 Dec 2023 23:09:12 +0000] purge: []
[Wed, 27 Dec 2023 23:09:21 +0000] purge: []
[Wed, 27 Dec 2023 23:09:25 +0000] purge: []
[Wed, 27 Dec 2023 23:09:31 +0000] purge: []
[Wed, 27 Dec 2023 23:09:37 +0000] purge: []
[Wed, 27 Dec 2023 23:09:39 +0000] purge: []
[Wed, 27 Dec 2023 23:09:45 +0000] purge: []
[Wed, 27 Dec 2023 23:09:50 +0000] purge: []
[Wed, 27 Dec 2023 23:09:52 +0000] purge: []
[Wed, 27 Dec 2023 23:09:54 +0000] purge: []
[Wed, 27 Dec 2023 23:09:56 +0000] purge: []
[Wed, 27 Dec 2023 23:10:06 +0000] purge: []
[Wed, 27 Dec 2023 23:10:06 +0000] purge: []
[Wed, 27 Dec 2023 23:10:07 +0000] purge: []
[Wed, 27 Dec 2023 23:10:08 +0000] purge: []
[Wed, 27 Dec 2023 23:11:04 +0000] purge: []
[Wed, 27 Dec 2023 23:11:05 +0000] purge: []
[Wed, 27 Dec 2023 23:11:46 +0000] purge: []
[Wed, 27 Dec 2023 23:11:48 +0000] purge: []
[Wed, 27 Dec 2023 23:11:55 +0000] purge: []
[Wed, 27 Dec 2023 23:11:57 +0000] purge: []
[Wed, 27 Dec 2023 23:12:16 +0000] purge: []
[Wed, 27 Dec 2023 23:12:17 +0000] purge: []
[Wed, 27 Dec 2023 23:12:23 +0000] purge: []
[Wed, 27 Dec 2023 23:12:24 +0000] purge: []
[Wed, 27 Dec 2023 23:12:33 +0000] purge: []
[Wed, 27 Dec 2023 23:12:34 +0000] purge: []
[Wed, 27 Dec 2023 23:12:40 +0000] purge: []
[Wed, 27 Dec 2023 23:12:41 +0000] purge: []
[Wed, 27 Dec 2023 23:12:52 +0000] purge: []
[Wed, 27 Dec 2023 23:12:53 +0000] purge: []
[Wed, 27 Dec 2023 23:13:13 +0000] purge: []
[Wed, 27 Dec 2023 23:13:14 +0000] purge: []
[Wed, 27 Dec 2023 23:14:06 +0000] purge: []
[Wed, 27 Dec 2023 23:14:07 +0000] purge: []
[Wed, 27 Dec 2023 23:15:01 +0000] purge: []
[Wed, 27 Dec 2023 23:15:02 +0000] purge: []
[Wed, 27 Dec 2023 23:15:15 +0000] purge: []
[Wed, 27 Dec 2023 23:15:16 +0000] purge: []
[Wed, 27 Dec 2023 23:15:24 +0000] purge: []
[Wed, 27 Dec 2023 23:15:25 +0000] purge: []
[Wed, 27 Dec 2023 23:15:32 +0000] purge: []
[Wed, 27 Dec 2023 23:15:33 +0000] purge: []
[Thu, 28 Dec 2023 00:36:13 +0000] purge: []
[Thu, 28 Dec 2023 00:36:16 +0000] purge: []
[Thu, 28 Dec 2023 09:18:17 +0000] purge: []
[Thu, 28 Dec 2023 09:18:20 +0000] purge: []
[Thu, 28 Dec 2023 09:18:25 +0000] purge: []
[Thu, 28 Dec 2023 09:18:27 +0000] purge: []
[Thu, 28 Dec 2023 09:23:22 +0000] purge: []
[Thu, 28 Dec 2023 09:23:26 +0000] purge: []
[Thu, 28 Dec 2023 09:23:40 +0000] purge: []
[Thu, 28 Dec 2023 09:23:45 +0000] purge: []
[Thu, 28 Dec 2023 20:13:58 +0000] purge: []
[Thu, 28 Dec 2023 20:14:00 +0000] purge: []
[Thu, 28 Dec 2023 23:55:47 +0000] purge: []
[Thu, 28 Dec 2023 23:55:50 +0000] purge: []
[Fri, 29 Dec 2023 00:18:05 +0000] purge: []
[Fri, 29 Dec 2023 00:18:08 +0000] purge: []
[Fri, 29 Dec 2023 00:18:35 +0000] purge: []
[Fri, 29 Dec 2023 00:18:37 +0000] purge: []
[Fri, 29 Dec 2023 00:18:58 +0000] purge: []
[Fri, 29 Dec 2023 00:19:01 +0000] purge: []
[Fri, 29 Dec 2023 00:20:15 +0000] purge: []
[Fri, 29 Dec 2023 00:20:21 +0000] purge: []
[Fri, 29 Dec 2023 00:37:52 +0000] purge: []
[Fri, 29 Dec 2023 00:37:55 +0000] purge: []
[Fri, 29 Dec 2023 00:48:58 +0000] purge: []
[Fri, 29 Dec 2023 00:49:00 +0000] purge: []
[Fri, 29 Dec 2023 00:49:11 +0000] purge: []
[Fri, 29 Dec 2023 00:49:13 +0000] purge: []
[Fri, 29 Dec 2023 00:54:42 +0000] purge: []
[Fri, 29 Dec 2023 00:54:44 +0000] purge: []
[Fri, 29 Dec 2023 00:57:45 +0000] purge: []
[Fri, 29 Dec 2023 00:57:48 +0000] purge: []
[Fri, 29 Dec 2023 00:57:56 +0000] purge: []
[Fri, 29 Dec 2023 00:57:59 +0000] purge: []
[Fri, 29 Dec 2023 00:58:09 +0000] purge: []
[Fri, 29 Dec 2023 00:58:12 +0000] purge: []
[Fri, 29 Dec 2023 00:58:18 +0000] purge: []
[Fri, 29 Dec 2023 00:58:20 +0000] purge: []
[Fri, 29 Dec 2023 00:58:23 +0000] purge: []
[Fri, 29 Dec 2023 00:58:30 +0000] purge: []
[Fri, 29 Dec 2023 00:58:32 +0000] purge: []
[Fri, 29 Dec 2023 00:58:34 +0000] purge: []
[Fri, 29 Dec 2023 00:58:41 +0000] purge: []
[Fri, 29 Dec 2023 00:58:47 +0000] purge: []
[Fri, 29 Dec 2023 00:58:50 +0000] purge: []
[Fri, 29 Dec 2023 00:59:04 +0000] purge: []
[Fri, 29 Dec 2023 00:59:07 +0000] purge: []
[Fri, 29 Dec 2023 01:00:33 +0000] purge: []
[Fri, 29 Dec 2023 01:00:36 +0000] purge: []
[Fri, 29 Dec 2023 01:00:48 +0000] purge: []
[Fri, 29 Dec 2023 01:00:51 +0000] purge: []
[Fri, 29 Dec 2023 01:03:12 +0000] purge: []
[Fri, 29 Dec 2023 01:03:15 +0000] purge: []
[Fri, 29 Dec 2023 01:04:11 +0000] purge: []
[Fri, 29 Dec 2023 01:04:12 +0000] purge: []
[Fri, 29 Dec 2023 01:04:13 +0000] purge: []
[Fri, 29 Dec 2023 01:04:14 +0000] purge: []
[Fri, 29 Dec 2023 01:04:15 +0000] purge: []
[Fri, 29 Dec 2023 01:04:17 +0000] purge: []
[Fri, 29 Dec 2023 01:04:18 +0000] purge: []
[Fri, 29 Dec 2023 01:04:19 +0000] purge: []
[Fri, 29 Dec 2023 01:04:20 +0000] purge: []
[Fri, 29 Dec 2023 01:04:21 +0000] purge: []
[Fri, 29 Dec 2023 01:04:43 +0000] purge: []
[Fri, 29 Dec 2023 01:04:47 +0000] purge: []
[Fri, 29 Dec 2023 01:04:51 +0000] purge: []
[Fri, 29 Dec 2023 01:04:54 +0000] purge: []
[Fri, 29 Dec 2023 01:12:02 +0000] purge: []
[Fri, 29 Dec 2023 01:12:05 +0000] purge: []
[Fri, 29 Dec 2023 01:13:03 +0000] purge: []
[Fri, 29 Dec 2023 01:13:06 +0000] purge: []
[Fri, 29 Dec 2023 01:14:31 +0000] purge: []
[Fri, 29 Dec 2023 01:14:34 +0000] purge: []
[Fri, 29 Dec 2023 01:16:16 +0000] purge: []
[Fri, 29 Dec 2023 01:16:19 +0000] purge: []
[Fri, 29 Dec 2023 01:21:46 +0000] purge: []
[Fri, 29 Dec 2023 01:21:49 +0000] purge: []
[Fri, 29 Dec 2023 01:25:38 +0000] purge: []
[Fri, 29 Dec 2023 01:25:41 +0000] purge: []
[Fri, 29 Dec 2023 01:25:48 +0000] purge: []
[Fri, 29 Dec 2023 01:25:50 +0000] purge: []
[Fri, 29 Dec 2023 01:27:59 +0000] purge: []
[Fri, 29 Dec 2023 01:28:02 +0000] purge: []
[Fri, 29 Dec 2023 01:36:14 +0000] purge: []
[Fri, 29 Dec 2023 01:36:17 +0000] purge: []
[Fri, 29 Dec 2023 01:36:20 +0000] purge: []
[Fri, 29 Dec 2023 01:36:22 +0000] purge: []
[Fri, 29 Dec 2023 01:37:44 +0000] purge: []
[Fri, 29 Dec 2023 01:37:47 +0000] purge: []
[Fri, 29 Dec 2023 01:37:50 +0000] purge: []
[Fri, 29 Dec 2023 01:37:53 +0000] purge: []
[Fri, 29 Dec 2023 01:37:56 +0000] purge: []
[Fri, 29 Dec 2023 01:38:00 +0000] purge: []
[Fri, 29 Dec 2023 01:38:05 +0000] purge: []
[Fri, 29 Dec 2023 01:38:42 +0000] purge: []
[Fri, 29 Dec 2023 01:38:44 +0000] purge: []
[Fri, 29 Dec 2023 01:40:06 +0000] purge: []
[Fri, 29 Dec 2023 01:40:07 +0000] purge: []
[Fri, 29 Dec 2023 01:40:08 +0000] purge: []
[Fri, 29 Dec 2023 01:40:09 +0000] purge: []
[Fri, 29 Dec 2023 01:40:10 +0000] purge: []
[Fri, 29 Dec 2023 01:40:11 +0000] purge: []
[Fri, 29 Dec 2023 01:40:12 +0000] purge: []
[Fri, 29 Dec 2023 01:40:13 +0000] purge: []
[Fri, 29 Dec 2023 01:40:14 +0000] purge: []
[Fri, 29 Dec 2023 01:40:15 +0000] purge: []
[Fri, 29 Dec 2023 01:41:50 +0000] purge: []
[Fri, 29 Dec 2023 01:41:51 +0000] purge: []
[Fri, 29 Dec 2023 01:41:52 +0000] purge: []
[Fri, 29 Dec 2023 01:41:53 +0000] purge: []
[Fri, 29 Dec 2023 01:41:54 +0000] purge: []
[Fri, 29 Dec 2023 01:41:55 +0000] purge: []
[Fri, 29 Dec 2023 01:41:57 +0000] purge: []
[Fri, 29 Dec 2023 01:41:58 +0000] purge: []
[Fri, 29 Dec 2023 01:41:59 +0000] purge: []
[Fri, 29 Dec 2023 01:42:00 +0000] purge: []
[Fri, 29 Dec 2023 01:44:15 +0000] purge: []
[Fri, 29 Dec 2023 01:44:16 +0000] purge: []
[Fri, 29 Dec 2023 01:44:17 +0000] purge: []
[Fri, 29 Dec 2023 01:44:18 +0000] purge: []
[Fri, 29 Dec 2023 01:44:19 +0000] purge: []
[Fri, 29 Dec 2023 01:44:20 +0000] purge: []
[Fri, 29 Dec 2023 01:44:21 +0000] purge: []
[Fri, 29 Dec 2023 01:44:22 +0000] purge: []
[Fri, 29 Dec 2023 01:44:23 +0000] purge: []
[Fri, 29 Dec 2023 01:44:24 +0000] purge: []
[Fri, 29 Dec 2023 01:47:26 +0000] purge: []
[Fri, 29 Dec 2023 01:47:30 +0000] purge: []
[Fri, 29 Dec 2023 01:47:57 +0000] purge: []
[Fri, 29 Dec 2023 01:48:00 +0000] purge: []
[Fri, 29 Dec 2023 01:49:04 +0000] purge: []
[Fri, 29 Dec 2023 01:49:08 +0000] purge: []
[Fri, 29 Dec 2023 01:49:09 +0000] purge: []
[Fri, 29 Dec 2023 01:49:12 +0000] purge: []
[Fri, 29 Dec 2023 01:49:15 +0000] purge: []
[Fri, 29 Dec 2023 01:49:17 +0000] purge: []
[Fri, 29 Dec 2023 01:51:50 +0000] purge: []
[Fri, 29 Dec 2023 01:51:53 +0000] purge: []
[Fri, 29 Dec 2023 01:52:02 +0000] purge: []
[Fri, 29 Dec 2023 01:52:05 +0000] purge: []
[Fri, 29 Dec 2023 02:10:09 +0000] purge: []
[Fri, 29 Dec 2023 02:10:13 +0000] purge: []
[Fri, 29 Dec 2023 02:11:22 +0000] purge: []
[Fri, 29 Dec 2023 02:11:27 +0000] purge: []
[Fri, 29 Dec 2023 02:11:50 +0000] purge: []
[Fri, 29 Dec 2023 02:11:52 +0000] purge: []
[Fri, 29 Dec 2023 02:12:13 +0000] purge: []
[Fri, 29 Dec 2023 02:12:17 +0000] purge: []
[Fri, 29 Dec 2023 02:13:17 +0000] purge: []
[Fri, 29 Dec 2023 02:13:20 +0000] purge: []
[Fri, 29 Dec 2023 02:16:23 +0000] purge: []
[Fri, 29 Dec 2023 02:16:27 +0000] purge: []
[Fri, 29 Dec 2023 02:20:53 +0000] purge: []
[Fri, 29 Dec 2023 02:20:56 +0000] purge: []
[Fri, 29 Dec 2023 02:21:52 +0000] purge: []
[Fri, 29 Dec 2023 02:21:56 +0000] purge: []
[Fri, 29 Dec 2023 02:22:04 +0000] purge: []
[Fri, 29 Dec 2023 02:22:21 +0000] purge: []
[Fri, 29 Dec 2023 02:22:32 +0000] purge: []
[Fri, 29 Dec 2023 02:22:35 +0000] purge: []
[Fri, 29 Dec 2023 02:22:38 +0000] purge: []
[Fri, 29 Dec 2023 02:22:41 +0000] purge: []
[Fri, 29 Dec 2023 02:22:43 +0000] purge: []
[Fri, 29 Dec 2023 02:22:43 +0000] purge: []
[Fri, 29 Dec 2023 02:22:46 +0000] purge: []
[Fri, 29 Dec 2023 02:22:50 +0000] purge: []
[Fri, 29 Dec 2023 02:22:52 +0000] purge: []
[Fri, 29 Dec 2023 02:22:53 +0000] purge: []
[Fri, 29 Dec 2023 02:23:02 +0000] purge: []
[Fri, 29 Dec 2023 02:23:08 +0000] purge: []
[Fri, 29 Dec 2023 02:23:12 +0000] purge: []
[Tue, 10 Sep 2024 16:43:10 +0000] purge: []
[Tue, 10 Sep 2024 16:43:13 +0000] purge: []
[Tue, 10 Sep 2024 16:43:15 +0000] purge: []
[Tue, 10 Sep 2024 16:43:18 +0000] purge: []
[Tue, 10 Sep 2024 16:43:19 +0000] purge: []
[Tue, 10 Sep 2024 16:43:21 +0000] purge: []
[Tue, 10 Sep 2024 16:43:26 +0000] purge: []
[Tue, 10 Sep 2024 16:43:28 +0000] purge: []
[Tue, 10 Sep 2024 16:43:29 +0000] purge: []
[Tue, 10 Sep 2024 16:43:34 +0000] purge: []
[Tue, 10 Sep 2024 16:43:35 +0000] purge: []
[Tue, 10 Sep 2024 16:43:40 +0000] purge: []
[Tue, 10 Sep 2024 16:43:44 +0000] purge: []
[Tue, 10 Sep 2024 16:43:45 +0000] purge: []
[Tue, 10 Sep 2024 16:43:46 +0000] purge: []
[Tue, 10 Sep 2024 16:43:48 +0000] purge: []
[Tue, 10 Sep 2024 16:43:49 +0000] purge: []
[Tue, 10 Sep 2024 16:43:50 +0000] purge: []
[Tue, 10 Sep 2024 16:43:50 +0000] purge: []
[Tue, 10 Sep 2024 16:43:52 +0000] purge: []
[Tue, 10 Sep 2024 16:43:56 +0000] purge: []
[Tue, 10 Sep 2024 16:44:01 +0000] purge: []
[Tue, 10 Sep 2024 16:44:06 +0000] purge: []
[Tue, 10 Sep 2024 16:44:08 +0000] purge: []
[Tue, 10 Sep 2024 16:44:14 +0000] purge: []
[Tue, 10 Sep 2024 16:44:18 +0000] purge: []
[Tue, 10 Sep 2024 16:44:20 +0000] purge: []
